2024-05-25 23:54:58 [SERVER] [INFO] Starting integrated minecraft server version 1.6.4
2024-05-25 23:54:58 [SERVER] [INFO] Generating keypair
2024-05-25 23:54:58 [SERVER] [INFO] Converting map!
2024-05-25 23:54:58 [SERVER] [INFO] Scanning folders...
2024-05-25 23:54:58 [SERVER] [INFO] Total conversion count is 0
2024-05-25 23:54:58 [SERVER] [INFO] Preparing start region for level 0
2024-05-25 23:54:59 [SERVER] [INFO] Preparing spawn area: 10%
2024-05-25 23:55:00 [SERVER] [INFO] Preparing spawn area: 29%
2024-05-25 23:55:01 [SERVER] [INFO] Preparing spawn area: 37%
2024-05-25 23:55:02 [SERVER] [INFO] Preparing spawn area: 49%
2024-05-25 23:55:04 [SERVER] [INFO] Preparing spawn area: 66%
2024-05-25 23:55:05 [SERVER] [INFO] Preparing spawn area: 86%
2024-05-25 23:55:06 [SERVER] [INFO] Preparing spawn area: 95%
2024-05-25 23:55:06 [SERVER] [INFO] LePotato03[/127.0.0.1:0] logged in with entity id 133 at (268.5, 70.0, 24.5)
2024-05-25 23:55:06 [SERVER] [INFO] LePotato03 joined the game
2024-05-25 23:55:08 [SERVER] [INFO] Saving and pausing game...
2024-05-25 23:55:08 [SERVER] [INFO] Saving chunks for level 'Atak'/Overworld
2024-05-25 23:55:12 [SERVER] [INFO] Saving chunks for level 'Atak'/Nether
2024-05-25 23:55:12 [SERVER] [INFO] Saving chunks for level 'Atak'/The End
2024-05-25 23:55:12 [SERVER] [INFO] Saving chunks for level 'Atak'/Promised Land
2024-05-25 23:55:12 [SERVER] [WARNING] Can't keep up! Did the system time change, or is the server overloaded?
2024-05-25 23:55:50 [SERVER] [INFO] Saving and pausing game...
2024-05-25 23:55:50 [SERVER] [INFO] Saving chunks for level 'Atak'/Overworld
2024-05-25 23:55:50 [SERVER] [INFO] Saving chunks for level 'Atak'/Nether
2024-05-25 23:55:50 [SERVER] [INFO] Saving chunks for level 'Atak'/The End
2024-05-25 23:55:50 [SERVER] [INFO] Saving chunks for level 'Atak'/Promised Land
2024-05-25 23:55:59 [SERVER] [INFO] Saving and pausing game...
2024-05-25 23:55:59 [SERVER] [INFO] Saving chunks for level 'Atak'/Overworld
2024-05-25 23:55:59 [SERVER] [INFO] Saving chunks for level 'Atak'/Nether
2024-05-25 23:55:59 [SERVER] [INFO] Saving chunks for level 'Atak'/The End
2024-05-25 23:55:59 [SERVER] [INFO] Saving chunks for level 'Atak'/Promised Land
2024-05-25 23:55:59 [SERVER] [INFO] Stopping server
2024-05-25 23:55:59 [SERVER] [INFO] Saving players
2024-05-25 23:55:59 [SERVER] [INFO] LePotato03 left the game
2024-05-25 23:55:59 [SERVER] [INFO] Saving worlds
2024-05-25 23:55:59 [SERVER] [INFO] Saving chunks for level 'Atak'/Overworld
2024-05-25 23:56:00 [SERVER] [INFO] Saving chunks for level 'Atak'/Nether
2024-05-25 23:56:00 [SERVER] [INFO] Saving chunks for level 'Atak'/The End
2024-05-25 23:56:00 [SERVER] [INFO] Saving chunks for level 'Atak'/Promised Land
2024-05-25 23:57:32 [SERVER] [INFO] Starting integrated minecraft server version 1.6.4
2024-05-25 23:57:32 [SERVER] [INFO] Generating keypair
2024-05-25 23:57:32 [SERVER] [INFO] Converting map!
2024-05-25 23:57:32 [SERVER] [INFO] Scanning folders...
2024-05-25 23:57:32 [SERVER] [INFO] Total conversion count is 0
2024-05-25 23:57:33 [SERVER] [INFO] Preparing start region for level 0
2024-05-25 23:57:34 [SERVER] [INFO] Preparing spawn area: 5%
2024-05-25 23:57:35 [SERVER] [INFO] Preparing spawn area: 13%
2024-05-25 23:57:36 [SERVER] [INFO] Preparing spawn area: 22%
2024-05-25 23:57:37 [SERVER] [INFO] Preparing spawn area: 36%
2024-05-25 23:57:38 [SERVER] [INFO] Preparing spawn area: 50%
2024-05-25 23:57:39 [SERVER] [INFO] Preparing spawn area: 67%
2024-05-25 23:57:40 [SERVER] [INFO] Preparing spawn area: 84%
2024-05-25 23:57:41 [SERVER] [INFO] Preparing spawn area: 99%
2024-05-25 23:57:42 [SERVER] [INFO] LePotato03[/127.0.0.1:0] logged in with entity id 186 at (81.5, 68.0, 234.5)
2024-05-25 23:57:42 [SERVER] [INFO] LePotato03 joined the game
2024-05-25 23:57:43 [SERVER] [INFO] Saving and pausing game...
2024-05-25 23:57:43 [SERVER] [INFO] Saving chunks for level 'New World'/Overworld
2024-05-25 23:57:46 [SERVER] [INFO] Saving chunks for level 'New World'/Nether
2024-05-25 23:57:46 [SERVER] [INFO] Saving chunks for level 'New World'/The End
2024-05-25 23:57:46 [SERVER] [INFO] Saving chunks for level 'New World'/Promised Land
2024-05-25 23:57:49 [SERVER] [WARNING] Can't keep up! Did the system time change, or is the server overloaded?
2024-05-25 23:58:03 [SERVER] [INFO] [LePotato03: Set own game mode to Survival Mode]
2024-05-25 23:58:42 [SERVER] [INFO] Saving and pausing game...
2024-05-25 23:58:42 [SERVER] [INFO] Saving chunks for level 'New World'/Overworld
2024-05-25 23:58:42 [SERVER] [INFO] Saving chunks for level 'New World'/Nether
2024-05-25 23:58:42 [SERVER] [INFO] Saving chunks for level 'New World'/The End
2024-05-25 23:58:42 [SERVER] [INFO] Saving chunks for level 'New World'/Promised Land
2024-05-25 23:58:43 [SERVER] [INFO] Stopping server
2024-05-25 23:58:43 [SERVER] [INFO] Saving players
2024-05-25 23:58:43 [SERVER] [INFO] LePotato03 left the game
2024-05-25 23:58:43 [SERVER] [INFO] Saving worlds
2024-05-25 23:58:43 [SERVER] [INFO] Saving chunks for level 'New World'/Overworld
2024-05-25 23:58:43 [SERVER] [INFO] Saving chunks for level 'New World'/Nether
2024-05-25 23:58:43 [SERVER] [INFO] Saving chunks for level 'New World'/The End
2024-05-25 23:58:43 [SERVER] [INFO] Saving chunks for level 'New World'/Promised Land
2024-05-26 00:21:45 [SERVER] [INFO] Starting integrated minecraft server version 1.6.4
2024-05-26 00:21:45 [SERVER] [INFO] Generating keypair
2024-05-26 00:21:45 [SERVER] [INFO] Preparing start region for level 0
2024-05-26 00:21:47 [SERVER] [INFO] LePotato03[/127.0.0.1:0] logged in with entity id 437 at (132.11971593253497, 69.0, 225.0022839904004)
2024-05-26 00:21:47 [SERVER] [INFO] LePotato03 joined the game
2024-05-26 00:22:03 [SERVER] [INFO] [LePotato03: Set own game mode to Creative Mode]
2024-05-26 00:23:05 [SERVER] [INFO] Saving and pausing game...
2024-05-26 00:23:05 [SERVER] [INFO] Saving chunks for level 'New World'/Overworld
2024-05-26 00:23:05 [SERVER] [INFO] Saving chunks for level 'New World'/Nether
2024-05-26 00:23:05 [SERVER] [INFO] Saving chunks for level 'New World'/The End
2024-05-26 00:23:05 [SERVER] [INFO] Saving chunks for level 'New World'/Promised Land
2024-05-26 00:23:05 [SERVER] [INFO] Saving chunks for level 'New World'/Spirit World
2024-05-26 00:23:05 [SERVER] [INFO] Saving chunks for level 'New World'/Torment
2024-05-26 00:23:06 [SERVER] [INFO] Stopping server
2024-05-26 00:23:06 [SERVER] [INFO] Saving players
2024-05-26 00:23:06 [SERVER] [INFO] LePotato03 left the game
2024-05-26 00:23:06 [SERVER] [INFO] Saving worlds
2024-05-26 00:23:06 [SERVER] [INFO] Saving chunks for level 'New World'/Overworld
2024-05-26 00:23:06 [SERVER] [INFO] Saving chunks for level 'New World'/Nether
2024-05-26 00:23:06 [SERVER] [INFO] Saving chunks for level 'New World'/The End
2024-05-26 00:23:06 [SERVER] [INFO] Saving chunks for level 'New World'/Promised Land
2024-05-26 00:23:06 [SERVER] [INFO] Saving chunks for level 'New World'/Spirit World
2024-05-26 00:23:06 [SERVER] [INFO] Saving chunks for level 'New World'/Torment
2024-05-26 00:28:41 [SERVER] [INFO] Starting integrated minecraft server version 1.6.4
2024-05-26 00:28:41 [SERVER] [INFO] Generating keypair
2024-05-26 00:28:42 [SERVER] [INFO] Preparing start region for level 0
2024-05-26 00:28:43 [SERVER] [INFO] LePotato03[/127.0.0.1:0] logged in with entity id 313 at (130.52869179784517, 67.0, 218.9815343810246)
2024-05-26 00:28:43 [SERVER] [INFO] LePotato03 joined the game
2024-05-26 00:29:50 [SERVER] [INFO] Saving and pausing game...
2024-05-26 00:29:50 [SERVER] [INFO] Saving chunks for level 'New World'/Overworld
2024-05-26 00:29:50 [SERVER] [INFO] Saving chunks for level 'New World'/Nether
2024-05-26 00:29:50 [SERVER] [INFO] Saving chunks for level 'New World'/The End
2024-05-26 00:29:50 [SERVER] [INFO] Saving chunks for level 'New World'/Promised Land
2024-05-26 00:29:50 [SERVER] [INFO] Saving chunks for level 'New World'/Spirit World
2024-05-26 00:29:50 [SERVER] [INFO] Saving chunks for level 'New World'/Torment
2024-05-26 00:29:50 [SERVER] [INFO] Stopping server
2024-05-26 00:29:50 [SERVER] [INFO] Saving players
2024-05-26 00:29:50 [SERVER] [INFO] LePotato03 left the game
2024-05-26 00:29:51 [SERVER] [INFO] Saving worlds
2024-05-26 00:29:51 [SERVER] [INFO] Saving chunks for level 'New World'/Overworld
2024-05-26 00:29:51 [SERVER] [INFO] Saving chunks for level 'New World'/Nether
2024-05-26 00:29:51 [SERVER] [INFO] Saving chunks for level 'New World'/The End
2024-05-26 00:29:51 [SERVER] [INFO] Saving chunks for level 'New World'/Promised Land
2024-05-26 00:29:51 [SERVER] [INFO] Saving chunks for level 'New World'/Spirit World
2024-05-26 00:29:51 [SERVER] [INFO] Saving chunks for level 'New World'/Torment
2024-05-26 10:55:11 [SERVER] [INFO] Starting integrated minecraft server version 1.6.4
2024-05-26 10:55:11 [SERVER] [INFO] Generating keypair
2024-05-26 10:58:00 [SERVER] [INFO] Starting integrated minecraft server version 1.6.4
2024-05-26 10:58:00 [SERVER] [INFO] Generating keypair
2024-05-26 10:58:01 [SERVER] [INFO] Preparing start region for level 0
2024-05-26 10:58:01 [SERVER] [WARNING] Failed Piece with id NeViCem
2024-05-26 10:58:01 [SERVER] [WARNING] Skipping Piece with id NeViCem
2024-05-26 10:58:01 [SERVER] [WARNING] Failed Piece with id NeViCem
2024-05-26 10:58:01 [SERVER] [WARNING] Skipping Piece with id NeViCem
2024-05-26 10:58:03 [SERVER] [INFO] LePotato03[/127.0.0.1:0] logged in with entity id 674 at (12.574999988079071, 73.31760004997254, 233.6457499116644)
2024-05-26 10:58:03 [SERVER] [INFO] LePotato03 joined the game
2024-05-26 10:58:51 [SERVER] [INFO] Saving and pausing game...
2024-05-26 10:58:51 [SERVER] [INFO] Saving chunks for level 'New World'/Overworld
2024-05-26 10:58:51 [SERVER] [INFO] Saving chunks for level 'New World'/Nether
2024-05-26 10:58:51 [SERVER] [INFO] Saving chunks for level 'New World'/The End
2024-05-26 10:58:51 [SERVER] [INFO] Saving chunks for level 'New World'/Promised Land
2024-05-26 10:58:51 [SERVER] [INFO] Saving chunks for level 'New World'/Spirit World
2024-05-26 10:58:51 [SERVER] [INFO] Saving chunks for level 'New World'/Torment
2024-05-26 10:58:52 [SERVER] [INFO] Stopping server
2024-05-26 10:58:52 [SERVER] [INFO] Saving players
2024-05-26 10:58:52 [SERVER] [INFO] LePotato03 left the game
2024-05-26 10:58:52 [SERVER] [INFO] Saving worlds
2024-05-26 10:58:52 [SERVER] [INFO] Saving chunks for level 'New World'/Overworld
2024-05-26 10:58:52 [SERVER] [INFO] Saving chunks for level 'New World'/Nether
2024-05-26 10:58:52 [SERVER] [INFO] Saving chunks for level 'New World'/The End
2024-05-26 10:58:52 [SERVER] [INFO] Saving chunks for level 'New World'/Promised Land
2024-05-26 10:58:52 [SERVER] [INFO] Saving chunks for level 'New World'/Spirit World
2024-05-26 10:58:52 [SERVER] [INFO] Saving chunks for level 'New World'/Torment
2024-05-26 11:01:49 [SERVER] [INFO] Starting integrated minecraft server version 1.6.4
2024-05-26 11:01:49 [SERVER] [INFO] Generating keypair
2024-05-26 11:01:50 [SERVER] [INFO] Preparing start region for level 0
2024-05-26 11:01:50 [SERVER] [WARNING] Failed Piece with id NeViCem
2024-05-26 11:01:50 [SERVER] [WARNING] Skipping Piece with id NeViCem
2024-05-26 11:01:50 [SERVER] [WARNING] Failed Piece with id NeViCem
2024-05-26 11:01:50 [SERVER] [WARNING] Skipping Piece with id NeViCem
2024-05-26 11:01:51 [SERVER] [INFO] Preparing spawn area: 99%
2024-05-26 11:01:51 [SERVER] [INFO] LePotato03[/127.0.0.1:0] logged in with entity id 695 at (103.55443778844575, 130.0, 169.65390085686738)
2024-05-26 11:01:51 [SERVER] [INFO] LePotato03 joined the game
2024-05-26 11:01:57 [SERVER] [WARNING] Can't keep up! Did the system time change, or is the server overloaded?
2024-05-26 11:02:09 [SERVER] [INFO] Saving and pausing game...
2024-05-26 11:02:09 [SERVER] [INFO] Saving chunks for level 'New World'/Overworld
2024-05-26 11:02:09 [SERVER] [INFO] Saving chunks for level 'New World'/Nether
2024-05-26 11:02:09 [SERVER] [INFO] Saving chunks for level 'New World'/The End
2024-05-26 11:02:09 [SERVER] [INFO] Saving chunks for level 'New World'/Promised Land
2024-05-26 11:02:09 [SERVER] [INFO] Saving chunks for level 'New World'/Spirit World
2024-05-26 11:02:09 [SERVER] [INFO] Saving chunks for level 'New World'/Torment
2024-05-26 11:02:45 [SERVER] [INFO] Saving and pausing game...
2024-05-26 11:02:45 [SERVER] [INFO] Saving chunks for level 'New World'/Overworld
2024-05-26 11:02:45 [SERVER] [INFO] Saving chunks for level 'New World'/Nether
2024-05-26 11:02:45 [SERVER] [INFO] Saving chunks for level 'New World'/The End
2024-05-26 11:02:45 [SERVER] [INFO] Saving chunks for level 'New World'/Promised Land
2024-05-26 11:02:45 [SERVER] [INFO] Saving chunks for level 'New World'/Spirit World
2024-05-26 11:02:45 [SERVER] [INFO] Saving chunks for level 'New World'/Torment
2024-05-26 11:03:32 [SERVER] [INFO] Saving and pausing game...
2024-05-26 11:03:32 [SERVER] [INFO] Saving chunks for level 'New World'/Overworld
2024-05-26 11:03:32 [SERVER] [INFO] Saving chunks for level 'New World'/Nether
2024-05-26 11:03:32 [SERVER] [INFO] Saving chunks for level 'New World'/The End
2024-05-26 11:03:32 [SERVER] [INFO] Saving chunks for level 'New World'/Promised Land
2024-05-26 11:03:32 [SERVER] [INFO] Saving chunks for level 'New World'/Spirit World
2024-05-26 11:03:32 [SERVER] [INFO] Saving chunks for level 'New World'/Torment
2024-05-26 11:03:46 [SERVER] [INFO] Saving and pausing game...
2024-05-26 11:03:46 [SERVER] [INFO] Saving chunks for level 'New World'/Overworld
2024-05-26 11:03:46 [SERVER] [INFO] Saving chunks for level 'New World'/Nether
2024-05-26 11:03:46 [SERVER] [INFO] Saving chunks for level 'New World'/The End
2024-05-26 11:03:46 [SERVER] [INFO] Saving chunks for level 'New World'/Promised Land
2024-05-26 11:03:46 [SERVER] [INFO] Saving chunks for level 'New World'/Spirit World
2024-05-26 11:03:46 [SERVER] [INFO] Saving chunks for level 'New World'/Torment
2024-05-26 11:03:50 [SERVER] [INFO] Saving and pausing game...
2024-05-26 11:03:50 [SERVER] [INFO] Saving chunks for level 'New World'/Overworld
2024-05-26 11:03:50 [SERVER] [INFO] Saving chunks for level 'New World'/Nether
2024-05-26 11:03:50 [SERVER] [INFO] Saving chunks for level 'New World'/The End
2024-05-26 11:03:50 [SERVER] [INFO] Saving chunks for level 'New World'/Promised Land
2024-05-26 11:03:50 [SERVER] [INFO] Saving chunks for level 'New World'/Spirit World
2024-05-26 11:03:50 [SERVER] [INFO] Saving chunks for level 'New World'/Torment
2024-05-26 11:05:42 [SERVER] [INFO] Saving and pausing game...
2024-05-26 11:05:42 [SERVER] [INFO] Saving chunks for level 'New World'/Overworld
2024-05-26 11:05:42 [SERVER] [INFO] Saving chunks for level 'New World'/Nether
2024-05-26 11:05:42 [SERVER] [INFO] Saving chunks for level 'New World'/The End
2024-05-26 11:05:42 [SERVER] [INFO] Saving chunks for level 'New World'/Promised Land
2024-05-26 11:05:42 [SERVER] [INFO] Saving chunks for level 'New World'/Spirit World
2024-05-26 11:05:42 [SERVER] [INFO] Saving chunks for level 'New World'/Torment
2024-05-26 11:06:13 [SERVER] [INFO] Saving and pausing game...
2024-05-26 11:06:13 [SERVER] [INFO] Saving chunks for level 'New World'/Overworld
2024-05-26 11:06:13 [SERVER] [INFO] Saving chunks for level 'New World'/Nether
2024-05-26 11:06:13 [SERVER] [INFO] Saving chunks for level 'New World'/The End
2024-05-26 11:06:13 [SERVER] [INFO] Saving chunks for level 'New World'/Promised Land
2024-05-26 11:06:13 [SERVER] [INFO] Saving chunks for level 'New World'/Spirit World
2024-05-26 11:06:13 [SERVER] [INFO] Saving chunks for level 'New World'/Torment
2024-05-26 11:06:51 [SERVER] [INFO] Saving and pausing game...
2024-05-26 11:06:51 [SERVER] [INFO] Saving chunks for level 'New World'/Overworld
2024-05-26 11:06:51 [SERVER] [INFO] Saving chunks for level 'New World'/Nether
2024-05-26 11:06:51 [SERVER] [INFO] Saving chunks for level 'New World'/The End
2024-05-26 11:06:51 [SERVER] [INFO] Saving chunks for level 'New World'/Promised Land
2024-05-26 11:06:51 [SERVER] [INFO] Saving chunks for level 'New World'/Spirit World
2024-05-26 11:06:51 [SERVER] [INFO] Saving chunks for level 'New World'/Torment
2024-05-26 11:07:04 [SERVER] [INFO] Saving and pausing game...
2024-05-26 11:07:04 [SERVER] [INFO] Saving chunks for level 'New World'/Overworld
2024-05-26 11:07:04 [SERVER] [INFO] Saving chunks for level 'New World'/Nether
2024-05-26 11:07:04 [SERVER] [INFO] Saving chunks for level 'New World'/The End
2024-05-26 11:07:04 [SERVER] [INFO] Saving chunks for level 'New World'/Promised Land
2024-05-26 11:07:04 [SERVER] [INFO] Saving chunks for level 'New World'/Spirit World
2024-05-26 11:07:04 [SERVER] [INFO] Saving chunks for level 'New World'/Torment
2024-05-26 11:07:13 [SERVER] [INFO] Saving and pausing game...
2024-05-26 11:07:13 [SERVER] [INFO] Saving chunks for level 'New World'/Overworld
2024-05-26 11:07:13 [SERVER] [INFO] Saving chunks for level 'New World'/Nether
2024-05-26 11:07:13 [SERVER] [INFO] Saving chunks for level 'New World'/The End
2024-05-26 11:07:13 [SERVER] [INFO] Saving chunks for level 'New World'/Promised Land
2024-05-26 11:07:13 [SERVER] [INFO] Saving chunks for level 'New World'/Spirit World
2024-05-26 11:07:13 [SERVER] [INFO] Saving chunks for level 'New World'/Torment
2024-05-26 11:08:14 [SERVER] [INFO] Saving and pausing game...
2024-05-26 11:08:14 [SERVER] [INFO] Saving chunks for level 'New World'/Overworld
2024-05-26 11:08:14 [SERVER] [INFO] Saving chunks for level 'New World'/Nether
2024-05-26 11:08:14 [SERVER] [INFO] Saving chunks for level 'New World'/The End
2024-05-26 11:08:14 [SERVER] [INFO] Saving chunks for level 'New World'/Promised Land
2024-05-26 11:08:14 [SERVER] [INFO] Saving chunks for level 'New World'/Spirit World
2024-05-26 11:08:14 [SERVER] [INFO] Saving chunks for level 'New World'/Torment
2024-05-26 11:13:14 [SERVER] [INFO] Saving and pausing game...
2024-05-26 11:13:14 [SERVER] [INFO] Saving chunks for level 'New World'/Overworld
2024-05-26 11:13:14 [SERVER] [INFO] Saving chunks for level 'New World'/Nether
2024-05-26 11:13:14 [SERVER] [INFO] Saving chunks for level 'New World'/The End
2024-05-26 11:13:14 [SERVER] [INFO] Saving chunks for level 'New World'/Promised Land
2024-05-26 11:13:14 [SERVER] [INFO] Saving chunks for level 'New World'/Spirit World
2024-05-26 11:13:14 [SERVER] [INFO] Saving chunks for level 'New World'/Torment
2024-05-26 11:13:26 [SERVER] [INFO] Stopping server
2024-05-26 11:13:26 [SERVER] [INFO] Saving players
2024-05-26 11:13:26 [SERVER] [INFO] LePotato03 left the game
2024-05-26 11:13:26 [SERVER] [INFO] Saving worlds
2024-05-26 11:13:26 [SERVER] [INFO] Saving chunks for level 'New World'/Overworld
2024-05-26 11:13:26 [SERVER] [INFO] Saving chunks for level 'New World'/Nether
2024-05-26 11:13:26 [SERVER] [INFO] Saving chunks for level 'New World'/The End
2024-05-26 11:13:26 [SERVER] [INFO] Saving chunks for level 'New World'/Promised Land
2024-05-26 11:13:26 [SERVER] [INFO] Saving chunks for level 'New World'/Spirit World
2024-05-26 11:13:26 [SERVER] [INFO] Saving chunks for level 'New World'/Torment
